[22:58:37] [main/INFO]: Environment: authHost='https://authserver.mojang.com', accountsHost='https://api.mojang.com', sessionHost='https://sessionserver.mojang.com', servicesHost='https://api.minecraftservices.com', name='PROD'
[22:58:37] [main/INFO]: Found new data pack file/bukkit, loading it automatically
[22:58:37] [main/INFO]: Reloading ResourceManager: Default, bukkit
[22:58:38] [Worker-Main-2/INFO]: Loaded 7 recipes
[22:58:39] [Server thread/INFO]: Starting minecraft server version 1.16.5
[22:58:39] [Server thread/INFO]: Loading properties
[22:58:39] [Server thread/INFO]: This server is running Paper version git-Paper-794 (MC: 1.16.5) (Implementing API version 1.16.5-R0.1-SNAPSHOT)
[22:58:39] [Server thread/INFO]: Debug logging is disabled
[22:58:39] [Server thread/INFO]: Using 4 threads for Netty based IO
[22:58:39] [Server thread/INFO]: Server Ping Player Sample Count: 12
[22:58:39] [Server thread/INFO]: Default game type: SURVIVAL
[22:58:39] [Server thread/INFO]: Generating keypair
[22:58:39] [Server thread/INFO]: Starting Minecraft server on *:25565
[22:58:39] [Server thread/INFO]: Using epoll channel type
[22:58:39] [Server thread/WARN]: **** FAILED TO BIND TO PORT!
[22:58:39] [Server thread/WARN]: The exception was: io.netty.channel.unix.Errors$NativeIoException: bind(..) failed: Address already in use
[22:58:39] [Server thread/WARN]: Perhaps a server is already running on that port?
[22:58:39] [Server thread/INFO]: Stopping server
[22:58:39] [Server thread/INFO]: Saving players
[22:58:39] [Server thread/INFO]: Saving worlds
[22:58:39] [Server thread/INFO]: Flushing Chunk IO
[22:58:39] [Server thread/INFO]: Closing Thread Pool
[22:58:39] [Server thread/INFO]: Closing Server
